\BOOKMARK [1][-]{section.1}{1. Introduction}{}% 1
\BOOKMARK [2][-]{subsection.1.1}{1.1. Maximal variation}{section.1}% 2
\BOOKMARK [2][-]{subsection.1.2}{1.2. Enumerative problems}{section.1}% 3
\BOOKMARK [2][-]{subsection.1.3}{1.3. Further remarks}{section.1}% 4
\BOOKMARK [2][-]{subsection.1.4}{1.4. Further questions}{section.1}% 5
\BOOKMARK [2][-]{subsection.1.5}{1.5. Notation and conventions}{section.1}% 6
\BOOKMARK [2][-]{subsection.1.6}{1.6. Organization}{section.1}% 7
\BOOKMARK [2][-]{section*.1}{Acknowledgements}{section.1}% 8
\BOOKMARK [1][-]{section.2}{2. The projection-ramification map}{}% 9
\BOOKMARK [1][-]{section.3}{3. Maximal variation for incompressible and non-defective X}{}% 10
\BOOKMARK [2][-]{subsection.3.1}{3.1. Non-defective linear series}{section.3}% 11
\BOOKMARK [2][-]{subsection.3.2}{3.2. Maximal variation for non-defective pairs}{section.3}% 12
\BOOKMARK [1][-]{section.4}{4. Projection-ramification for varieties of minimal degree}{}% 13
\BOOKMARK [2][-]{subsection.4.1}{4.1. Projection-ramification for scrolls}{section.4}% 14
\BOOKMARK [2][-]{subsection.4.2}{4.2. Failure of maximal variation}{section.4}% 15
\BOOKMARK [2][-]{subsection.4.3}{4.3. Eccentric threefold scrolls}{section.4}% 16
\BOOKMARK [1][-]{section.5}{5. Maximal variation for generic scrolls}{}% 17
\BOOKMARK [2][-]{subsection.5.1}{5.1. Maximal variation for some particular cases}{section.5}% 18
\BOOKMARK [2][-]{subsection.5.2}{5.2. Linked linear series}{section.5}% 19
\BOOKMARK [2][-]{subsection.5.3}{5.3. Projection-ramification with non-generic vanishing sequence}{section.5}% 20
\BOOKMARK [2][-]{subsection.5.4}{5.4. Projection-ramification for linked linear series}{section.5}% 21
\BOOKMARK [2][-]{subsection.5.5}{5.5. Maximal variation for generic scrolls of high degree}{section.5}% 22
\BOOKMARK [1][-]{section.6}{6. The Projection-Ramification enumerative problem}{}% 23
\BOOKMARK [2][-]{subsection.6.1}{6.1. Rational normal curves}{section.6}% 24
\BOOKMARK [2][-]{subsection.6.2}{6.2. Quadric hypersurfaces}{section.6}% 25
\BOOKMARK [2][-]{subsection.6.3}{6.3. The Veronese surface}{section.6}% 26
\BOOKMARK [2][-]{subsection.6.4}{6.4. Quartic surface scroll}{section.6}% 27
\BOOKMARK [1][-]{section*.2}{References}{}% 28
